TN:
SF:01-ratelimitter.js
FN:19,rateLimiter
FNF:1
FNH:1
FNDA:13,rateLimiter
DA:1,1
DA:2,1
DA:3,1
DA:4,1
DA:5,1
DA:6,1
DA:7,1
DA:8,1
DA:9,1
DA:10,1
DA:11,1
DA:12,1
DA:13,1
DA:14,1
DA:15,1
DA:16,2
DA:17,1
DA:18,1
DA:19,13
DA:20,13
DA:21,13
DA:22,13
DA:23,2
DA:24,13
DA:25,11
DA:26,11
DA:27,13
DA:28,13
DA:29,7
DA:30,13
DA:31,6
DA:32,6
DA:33,13
DA:34,1
DA:35,1
DA:36,1
DA:37,6
DA:38,1
DA:39,1
DA:40,1
DA:41,0
DA:42,1
DA:43,1
DA:44,1
LF:44
LH:43
BRDA:15,0,0,2
BRDA:19,1,0,13
BRDA:22,2,0,2
BRDA:24,3,0,11
BRDA:28,4,0,7
BRDA:30,5,0,6
BRDA:36,6,0,6
BRF:7
BRH:7
end_of_record
